{"message":"Unauthorized request to path: /","level":"error"}
{"message":"Unauthorized request to path: /bookmarks/","level":"error"}
{"message":"Unauthorized request to path: /boomarks","level":"error"}
{"message":"ID: 222d047d-a5db-40e7-ae6b-951e84fd74ad was deleted","level":"info"}
{"message":"Unauthorized request to path: /bookmarks","level":"error"}
{"message":"Unauthorized request to path: /bookmarks","level":"error"}
{"message":"URL must begin with 'https://'","level":"error"}
{"message":"Unauthorized request to path: /bookmarks","level":"error"}
{"message":"URL must begin with 'https://'","level":"error"}
{"message":"URL must begin with 'https://'","level":"error"}
{"message":"Unauthorized request to path: /bookmarks","level":"error"}
{"message":"URL must begin with 'https://'","level":"error"}
{"message":"Unauthorized request to path: /bookmark/2","level":"error"}
{"message":"Unauthorized request to path: /articles","level":"error"}
{"message":"Error, bookmark not found","level":"error"}
{"message":"Error, bookmark not found","level":"error"}
{"message":"Unauthorized request to path: /bookmarks/911","level":"error"}
{"message":"Error, bookmark not found","level":"error"}
{"message":"Error, bookmark not found","level":"error"}
{"message":"Error, bookmark not found","level":"error"}
{"message":"Error, bookmark not found","level":"error"}
{"message":"Error, bookmark not found","level":"error"}
{"message":"Error, bookmark not found","level":"error"}
{"message":"Error, bookmark not found","level":"error"}
{"message":"Error, bookmark not found","level":"error"}
{"message":"Error, bookmark not found","level":"error"}
{"message":"Error, bookmark not found","level":"error"}
{"message":"Error, bookmark not found","level":"error"}
{"message":"Error, bookmark not found","level":"error"}
{"message":"Error, bookmark not found","level":"error"}
{"message":"Error, bookmark not found","level":"error"}
{"message":"Error, bookmark not found","level":"error"}
{"message":"Error, bookmark not found","level":"error"}
{"message":"Error, bookmark not found","level":"error"}
{"message":"Error, bookmark not found","level":"error"}
{"message":"Unauthorized request to path: /bookmarks","level":"error"}
{"message":"Unauthorized request to path: /bookmarks","level":"error"}
{"message":"Unauthorized request to path: /bookmarks","level":"error"}
{"message":"Unauthorized request to path: /bookmarks","level":"error"}
{"message":"Error, bookmark not found","level":"error"}
{"message":"Error, bookmark not found","level":"error"}
{"message":"Error, bookmark not found","level":"error"}
{"message":"Error, bookmark not found","level":"error"}
{"message":"Error, bookmark not found","level":"error"}
{"message":"Rating is not valid","level":"error"}
{"message":"Error, bookmark not found","level":"error"}
{"message":"URL must begin with 'https://'","level":"error"}
{"message":"URL must begin with 'https://'","level":"error"}
{"message":"Error, bookmark not found","level":"error"}
{"message":"URL must begin with 'https://'","level":"error"}
{"message":"URL must begin with 'https://'","level":"error"}
{"message":"Error, bookmark not found","level":"error"}
{"message":"Error, bookmark not found","level":"error"}
{"message":"URL must begin with 'https://'","level":"error"}
{"message":"URL must begin with 'https://'","level":"error"}
{"message":"Error, bookmark not found","level":"error"}
{"message":"Error, bookmark not found","level":"error"}
{"message":"URL must begin with 'https://'","level":"error"}
{"message":"URL must begin with 'https://'","level":"error"}
{"message":"Error, bookmark not found","level":"error"}
{"message":"Error, bookmark not found","level":"error"}
{"message":"URL must begin with 'https://'","level":"error"}
{"message":"URL must begin with 'https://'","level":"error"}
{"message":"Error, bookmark not found","level":"error"}
{"message":"Error, bookmark not found","level":"error"}
{"message":"URL must begin with 'https://'","level":"error"}
{"message":"URL must begin with 'https://'","level":"error"}
{"message":"Error, bookmark not found","level":"error"}
{"message":"Error, bookmark not found","level":"error"}
{"message":"URL must begin with 'https://'","level":"error"}
{"message":"URL must begin with 'https://'","level":"error"}
{"message":"Error, bookmark not found","level":"error"}
{"message":"Error, bookmark not found","level":"error"}
{"message":"URL must begin with 'https://'","level":"error"}
{"message":"URL must begin with 'https://'","level":"error"}
{"message":"Error, bookmark not found","level":"error"}
{"message":"Error, bookmark not found","level":"error"}
{"message":"URL must begin with 'https://'","level":"error"}
{"message":"URL must begin with 'https://'","level":"error"}
{"message":"Error, bookmark not found","level":"error"}
{"message":"Error, bookmark not found","level":"error"}
{"message":"URL must begin with 'https://'","level":"error"}
{"message":"URL must begin with 'https://'","level":"error"}
{"message":"Error, bookmark not found","level":"error"}
{"message":"Error, bookmark not found","level":"error"}
{"message":"URL must begin with 'https://'","level":"error"}
{"message":"URL must begin with 'https://'","level":"error"}
{"message":"Error, bookmark not found","level":"error"}
{"message":"ID: 2 was deleted","level":"info"}
{"message":"Error, bookmark not found","level":"error"}
{"message":"URL must begin with 'https://'","level":"error"}
{"message":"URL must begin with 'https://'","level":"error"}
{"message":"Error, bookmark not found","level":"error"}
{"message":"ID: 2 was deleted","level":"info"}
{"message":"Error, bookmark not found","level":"error"}
{"message":"Error, bookmark not found","level":"error"}
{"message":"URL must begin with 'https://'","level":"error"}
{"message":"URL must begin with 'https://'","level":"error"}
{"message":"Error, bookmark not found","level":"error"}
{"message":"ID: 2 was deleted","level":"info"}
{"message":"Error, bookmark not found","level":"error"}
{"message":"Error, bookmark not found","level":"error"}
{"message":"URL must begin with 'https://'","level":"error"}
{"message":"URL must begin with 'https://'","level":"error"}
{"message":"Error, bookmark not found","level":"error"}
{"message":"ID: 2 was deleted","level":"info"}
{"message":"Error, bookmark not found","level":"error"}
{"message":"Error, bookmark not found","level":"error"}
{"message":"URL must begin with 'https://'","level":"error"}
{"message":"URL must begin with 'https://'","level":"error"}
{"message":"Error, bookmark not found","level":"error"}
{"message":"ID: 2 was deleted","level":"info"}
{"message":"Error, bookmark not found","level":"error"}
{"message":"Error, bookmark not found","level":"error"}
{"message":"URL must begin with 'https://'","level":"error"}
{"message":"URL must begin with 'https://'","level":"error"}
{"message":"Error, bookmark not found","level":"error"}
{"message":"ID: 2 was deleted","level":"info"}
{"message":"Error, bookmark not found","level":"error"}
{"message":"Error, bookmark not found","level":"error"}
{"message":"URL must begin with 'https://'","level":"error"}
{"message":"URL must begin with 'https://'","level":"error"}
{"message":"Error, bookmark not found","level":"error"}
{"message":"ID: 2 was deleted","level":"info"}
{"message":"Error, bookmark not found","level":"error"}
{"message":"Error, bookmark not found","level":"error"}
{"message":"URL must begin with 'https://'","level":"error"}
{"message":"URL must begin with 'https://'","level":"error"}
{"message":"Error, bookmark not found","level":"error"}
{"message":"ID: 2 was deleted","level":"info"}
{"message":"Error, bookmark not found","level":"error"}
{"message":"Unauthorized request to path: /bookmarks/2","level":"error"}
{"message":"Error, bookmark not found","level":"error"}
{"message":"URL must begin with 'https://'","level":"error"}
{"message":"URL must begin with 'https://'","level":"error"}
{"message":"Error, bookmark not found","level":"error"}
{"message":"ID: 2 was deleted","level":"info"}
{"message":"Error, bookmark not found","level":"error"}
{"message":"Error, bookmark not found","level":"error"}
{"message":"URL must begin with 'https://'","level":"error"}
{"message":"URL must begin with 'https://'","level":"error"}
{"message":"Error, bookmark not found","level":"error"}
{"message":"ID: 2 was deleted","level":"info"}
{"message":"Error, bookmark not found","level":"error"}
{"message":"Unauthorized request to path: /bookmarks/2","level":"error"}
{"message":"Error, bookmark not found","level":"error"}
{"message":"URL must begin with 'https://'","level":"error"}
{"message":"URL must begin with 'https://'","level":"error"}
{"message":"Error, bookmark not found","level":"error"}
{"message":"ID: 2 was deleted","level":"info"}
{"message":"Error, bookmark not found","level":"error"}
{"message":"Error, bookmark not found","level":"error"}
{"message":"URL must begin with 'https://'","level":"error"}
{"message":"URL must begin with 'https://'","level":"error"}
{"message":"Error, bookmark not found","level":"error"}
{"message":"ID: 2 was deleted","level":"info"}
{"message":"Error, bookmark not found","level":"error"}
{"message":"Error, bookmark not found","level":"error"}
{"message":"URL must begin with 'https://'","level":"error"}
{"message":"URL must begin with 'https://'","level":"error"}
{"message":"Error, bookmark not found","level":"error"}
{"message":"ID: 2 was deleted","level":"info"}
{"message":"Error, bookmark not found","level":"error"}
{"message":"Unauthorized request to path: /bookmarks/2","level":"error"}
{"message":"Error, bookmark not found","level":"error"}
{"message":"URL must begin with 'https://'","level":"error"}
{"message":"URL must begin with 'https://'","level":"error"}
{"message":"Error, bookmark not found","level":"error"}
{"message":"ID: 2 was deleted","level":"info"}
{"message":"Error, bookmark not found","level":"error"}
{"message":"Error, bookmark not found","level":"error"}
{"message":"URL must begin with 'https://'","level":"error"}
{"message":"URL must begin with 'https://'","level":"error"}
{"message":"Error, bookmark not found","level":"error"}
{"message":"ID: 2 was deleted","level":"info"}
{"message":"Error, bookmark not found","level":"error"}
{"message":"Unauthorized request to path: /bookmarks/2","level":"error"}
{"message":"Error, bookmark not found","level":"error"}
{"message":"URL must begin with 'https://'","level":"error"}
{"message":"URL must begin with 'https://'","level":"error"}
{"message":"Error, bookmark not found","level":"error"}
{"message":"ID: 2 was deleted","level":"info"}
{"message":"Error, bookmark not found","level":"error"}
{"message":"Error, bookmark not found","level":"error"}
{"message":"URL must begin with 'https://'","level":"error"}
{"message":"URL must begin with 'https://'","level":"error"}
{"message":"Error, bookmark not found","level":"error"}
{"message":"ID: 2 was deleted","level":"info"}
{"message":"Error, bookmark not found","level":"error"}
{"message":"Error, bookmark not found","level":"error"}
{"message":"URL must begin with 'https://'","level":"error"}
{"message":"URL must begin with 'https://'","level":"error"}
{"message":"Error, bookmark not found","level":"error"}
{"message":"ID: 2 was deleted","level":"info"}
{"message":"Error, bookmark not found","level":"error"}
{"message":"Unauthorized request to path: /api/bookmarks","level":"error"}
{"message":"Unauthorized request to path: /api/bookmarks","level":"error"}
{"message":"Unauthorized request to path: /api/bookmarks","level":"error"}
{"message":"Unauthorized request to path: /api/bookmarks","level":"error"}
{"message":"ID: 3 was deleted","level":"info"}
{"message":"Error, bookmark not found","level":"error"}
{"message":"Error, bookmark not found","level":"error"}
{"message":"Error, bookmark not found","level":"error"}
{"message":"Error, bookmark not found","level":"error"}
{"message":"Error, bookmark not found","level":"error"}
{"message":"ID: 4 was deleted","level":"info"}
{"message":"ID: 5 was deleted","level":"info"}
{"message":"ID: 6 was deleted","level":"info"}
{"message":"Error, bookmark not found","level":"error"}
{"message":"ID: 7 was deleted","level":"info"}
{"message":"ID: 8 was deleted","level":"info"}
{"message":"ID: 2 was deleted","level":"info"}
{"message":"ID: 9 was deleted","level":"info"}
